<?xml version="1.0" encoding="UTF-8"?>
<!-- Generated by org.testng.reporters.JUnitReportReporter -->
<testsuite hostname="LTIN192700" failures="0" tests="1" name="alldropdownmenu.SubmenuCollections" time="6.812" errors="1" timestamp="2022-08-09T18:23:00 IST" skipped="0">
  <testcase classname="alldropdownmenu.SubmenuCollections" name="selectsubmenu" time="6.812">
    <error message="session not created
from disconnected: received Inspector.detached event
  (Session info: chrome=101.0.4951.54)
Build info: version: &#039;3.141.59&#039;, revision: &#039;e82be7d358&#039;, time: &#039;2018-11-14T08:17:03&#039;
System info: host: &#039;LTIN192700&#039;, ip: &#039;30.159.214.125&#039;, os.name: &#039;Windows 10&#039;, os.arch: &#039;amd64&#039;, os.version: &#039;10.0&#039;, java.version: &#039;15.0.2&#039;
Driver info: driver.version: ChromeDriver
remote stacktrace: Backtrace:
	Ordinal0 [0x00B1B8F3+2406643]
	Ordinal0 [0x00AAAF31+1945393]
	Ordinal0 [0x0099C748+837448]
	Ordinal0 [0x0098E6BE+779966]
	Ordinal0 [0x0098E2AF+778927]
	Ordinal0 [0x0098D8A6+776358]
	Ordinal0 [0x0098C7C5+772037]
	Ordinal0 [0x0098CC9D+773277]
	Ordinal0 [0x0098C3E5+771045]
	Ordinal0 [0x00998323+820003]
	Ordinal0 [0x0098C395+770965]
	Ordinal0 [0x0098D488+775304]
	Ordinal0 [0x0098C7C5+772037]
	Ordinal0 [0x0098CC9D+773277]
	Ordinal0 [0x0098C3E5+771045]
	Ordinal0 [0x00996013+811027]
	Ordinal0 [0x0098C395+770965]
	Ordinal0 [0x0098D488+775304]
	Ordinal0 [0x0098C7C5+772037]
	Ordinal0 [0x0098CC9D+773277]
	Ordinal0 [0x0098C3E5+771045]
	Ordinal0 [0x00993E59+802393]
	Ordinal0 [0x0098C395+770965]
	Ordinal0 [0x0098D488+775304]
	Ordinal0 [0x0098C7C5+772037]
	Ordinal0 [0x0098CDC8+773576]
	Ordinal0 [0x0098CD58+773464]
	Ordinal0 [0x009929B6+797110]
	Ordinal0 [0x009928F0+796912]
	Ordinal0 [0x0098C395+770965]
	Ordinal0 [0x0098D488+775304]
	Ordinal0 [0x0098C7C5+772037]
	Ordinal0 [0x0098CC9D+773277]
	Ordinal0 [0x0098C3E5+771045]
	Ordinal0 [0x00987C5D+752733]
	Ordinal0 [0x0098C395+770965]
	Ordinal0 [0x0098C120+770336]
	Ordinal0 [0x0098BE69+769641]
	Ordinal0 [0x0099DAC0+842432]
	Ordinal0 [0x009E9F79+1154937]
	Ordinal0 [0x009E8B3A+1149754]
	Ordinal0 [0x009E4096+1130646]
	Ordinal0 [0x009BE636+976438]
	Ordinal0 [0x009BF546+980294]
	GetHandleVerifier [0x00D89612+2498066]
	GetHandleVerifier [0x00D7C920+2445600]
	GetHandleVerifier [0x00BB4F2A+579370]
	GetHandleVerifier [0x00BB3D36+574774]
	Ordinal0 [0x00AB1C0B+1973259]
	Ordinal0 [0x00AB6688+1992328]
	Ordinal0 [0x00AB6775+1992565]
	Ordinal0 [0x00ABF8D1+2029777]
	BaseThreadInitThunk [0x76E3FA29+25]
	RtlGetAppContainerNamedObjectPath [0x77177A9E+286]
	RtlGetAppContainerNamedObjectPath [0x77177A6E+238]
" type="org.openqa.selenium.SessionNotCreatedException">
      <![CDATA[org.openqa.selenium.SessionNotCreatedException: session not created
from disconnected: received Inspector.detached event
  (Session info: chrome=101.0.4951.54)
Build info: version: '3.141.59', revision: 'e82be7d358', time: '2018-11-14T08:17:03'
System info: host: 'LTIN192700', ip: '30.159.214.125', os.name: 'Windows 10', os.arch: 'amd64', os.version: '10.0', java.version: '15.0.2'
Driver info: driver.version: ChromeDriver
remote stacktrace: Backtrace:
Ordinal0 [0x00B1B8F3+2406643]
Ordinal0 [0x00AAAF31+1945393]
Ordinal0 [0x0099C748+837448]
Ordinal0 [0x0098E6BE+779966]
Ordinal0 [0x0098E2AF+778927]
Ordinal0 [0x0098D8A6+776358]
Ordinal0 [0x0098C7C5+772037]
Ordinal0 [0x0098CC9D+773277]
Ordinal0 [0x0098C3E5+771045]
Ordinal0 [0x00998323+820003]
Ordinal0 [0x0098C395+770965]
Ordinal0 [0x0098D488+775304]
Ordinal0 [0x0098C7C5+772037]
Ordinal0 [0x0098CC9D+773277]
Ordinal0 [0x0098C3E5+771045]
Ordinal0 [0x00996013+811027]
Ordinal0 [0x0098C395+770965]
Ordinal0 [0x0098D488+775304]
Ordinal0 [0x0098C7C5+772037]
Ordinal0 [0x0098CC9D+773277]
Ordinal0 [0x0098C3E5+771045]
Ordinal0 [0x00993E59+802393]
Ordinal0 [0x0098C395+770965]
Ordinal0 [0x0098D488+775304]
Ordinal0 [0x0098C7C5+772037]
Ordinal0 [0x0098CDC8+773576]
Ordinal0 [0x0098CD58+773464]
Ordinal0 [0x009929B6+797110]
Ordinal0 [0x009928F0+796912]
Ordinal0 [0x0098C395+770965]
Ordinal0 [0x0098D488+775304]
Ordinal0 [0x0098C7C5+772037]
Ordinal0 [0x0098CC9D+773277]
Ordinal0 [0x0098C3E5+771045]
Ordinal0 [0x00987C5D+752733]
Ordinal0 [0x0098C395+770965]
Ordinal0 [0x0098C120+770336]
Ordinal0 [0x0098BE69+769641]
Ordinal0 [0x0099DAC0+842432]
Ordinal0 [0x009E9F79+1154937]
Ordinal0 [0x009E8B3A+1149754]
Ordinal0 [0x009E4096+1130646]
Ordinal0 [0x009BE636+976438]
Ordinal0 [0x009BF546+980294]
GetHandleVerifier [0x00D89612+2498066]
GetHandleVerifier [0x00D7C920+2445600]
GetHandleVerifier [0x00BB4F2A+579370]
GetHandleVerifier [0x00BB3D36+574774]
Ordinal0 [0x00AB1C0B+1973259]
Ordinal0 [0x00AB6688+1992328]
Ordinal0 [0x00AB6775+1992565]
Ordinal0 [0x00ABF8D1+2029777]
BaseThreadInitThunk [0x76E3FA29+25]
RtlGetAppContainerNamedObjectPath [0x77177A9E+286]
RtlGetAppContainerNamedObjectPath [0x77177A6E+238]

at java.base/jdk.internal.reflect.NativeConstructorAccessorImpl.newInstance0(Native Method)
at java.base/jdk.internal.reflect.NativeConstructorAccessorImpl.newInstance(NativeConstructorAccessorImpl.java:64)
at java.base/jdk.internal.reflect.DelegatingConstructorAccessorImpl.newInstance(DelegatingConstructorAccessorImpl.java:45)
at java.base/java.lang.reflect.Constructor.newInstanceWithCaller(Constructor.java:500)
at java.base/java.lang.reflect.Constructor.newInstance(Constructor.java:481)
at org.openqa.selenium.remote.W3CHandshakeResponse.lambda$errorHandler$0(W3CHandshakeResponse.java:62)
at org.openqa.selenium.remote.HandshakeResponse.lambda$getResponseFunction$0(HandshakeResponse.java:30)
at org.openqa.selenium.remote.ProtocolHandshake.lambda$createSession$0(ProtocolHandshake.java:126)
at java.base/java.util.stream.ReferencePipeline$3$1.accept(ReferencePipeline.java:195)
at java.base/java.util.Spliterators$ArraySpliterator.tryAdvance(Spliterators.java:958)
at java.base/java.util.stream.ReferencePipeline.forEachWithCancel(ReferencePipeline.java:127)
at java.base/java.util.stream.AbstractPipeline.copyIntoWithCancel(AbstractPipeline.java:502)
at java.base/java.util.stream.AbstractPipeline.copyInto(AbstractPipeline.java:488)
at java.base/java.util.stream.AbstractPipeline.wrapAndCopyInto(AbstractPipeline.java:474)
at java.base/java.util.stream.FindOps$FindOp.evaluateSequential(FindOps.java:150)
at java.base/java.util.stream.AbstractPipeline.evaluate(AbstractPipeline.java:234)
at java.base/java.util.stream.ReferencePipeline.findFirst(ReferencePipeline.java:543)
at org.openqa.selenium.remote.ProtocolHandshake.createSession(ProtocolHandshake.java:128)
at org.openqa.selenium.remote.ProtocolHandshake.createSession(ProtocolHandshake.java:74)
at org.openqa.selenium.remote.HttpCommandExecutor.execute(HttpCommandExecutor.java:136)
at org.openqa.selenium.remote.service.DriverCommandExecutor.execute(DriverCommandExecutor.java:83)
at org.openqa.selenium.remote.RemoteWebDriver.execute(RemoteWebDriver.java:552)
at org.openqa.selenium.remote.RemoteWebDriver.startSession(RemoteWebDriver.java:213)
at org.openqa.selenium.remote.RemoteWebDriver.<init>(RemoteWebDriver.java:131)
at org.openqa.selenium.chrome.ChromeDriver.<init>(ChromeDriver.java:181)
at org.openqa.selenium.chrome.ChromeDriver.<init>(ChromeDriver.java:168)
at org.openqa.selenium.chrome.ChromeDriver.<init>(ChromeDriver.java:157)
at utilities.DriverSetup.setChromeDriver(DriverSetup.java:49)
at utilities.DriverSetup.getWebDriver(DriverSetup.java:28)
at alldropdownmenu.SubmenuCollections.selectsubmenu(SubmenuCollections.java:26)
at java.base/jdk.internal.reflect.NativeMethodAccessorImpl.invoke0(Native Method)
at java.base/jdk.internal.reflect.NativeMethodAccessorImpl.invoke(NativeMethodAccessorImpl.java:64)
at java.base/jdk.internal.reflect.DelegatingMethodAccessorImpl.invoke(DelegatingMethodAccessorImpl.java:43)
at java.base/java.lang.reflect.Method.invoke(Method.java:564)
at org.testng.internal.MethodInvocationHelper.invokeMethod(MethodInvocationHelper.java:133)
at org.testng.internal.TestInvoker.invokeMethod(TestInvoker.java:598)
at org.testng.internal.TestInvoker.invokeTestMethod(TestInvoker.java:173)
at org.testng.internal.MethodRunner.runInSequence(MethodRunner.java:46)
at org.testng.internal.TestInvoker$MethodInvocationAgent.invoke(TestInvoker.java:824)
at org.testng.internal.TestInvoker.invokeTestMethods(TestInvoker.java:146)
at org.testng.internal.TestMethodWorker.invokeTestMethods(TestMethodWorker.java:146)
at org.testng.internal.TestMethodWorker.run(TestMethodWorker.java:128)
at java.base/java.util.ArrayList.forEach(ArrayList.java:1511)
at org.testng.TestRunner.privateRun(TestRunner.java:794)
at org.testng.TestRunner.run(TestRunner.java:596)
at org.testng.SuiteRunner.runTest(SuiteRunner.java:377)
at org.testng.SuiteRunner.runSequentially(SuiteRunner.java:371)
at org.testng.SuiteRunner.privateRun(SuiteRunner.java:332)
at org.testng.SuiteRunner.run(SuiteRunner.java:276)
at org.testng.SuiteRunnerWorker.runSuite(SuiteRunnerWorker.java:53)
at org.testng.SuiteRunnerWorker.run(SuiteRunnerWorker.java:96)
at org.testng.TestNG.runSuitesSequentially(TestNG.java:1212)
at org.testng.TestNG.runSuitesLocally(TestNG.java:1134)
at org.testng.TestNG.runSuites(TestNG.java:1063)
at org.testng.TestNG.run(TestNG.java:1031)
at org.testng.remote.AbstractRemoteTestNG.run(AbstractRemoteTestNG.java:115)
at org.testng.remote.RemoteTestNG.initAndRun(RemoteTestNG.java:251)
at org.testng.remote.RemoteTestNG.main(RemoteTestNG.java:77)
]]>
    </error>
  </testcase> <!-- selectsubmenu -->
  <system-out/>
</testsuite> <!-- alldropdownmenu.SubmenuCollections -->
